[2026-04-08T18:03:33.494Z] Watchdog online
[2026-04-08T18:03:33.497Z] Starting scheduler.js (restart #0)
[2026-04-08T18:21:31.119Z] Watchdog online
[2026-04-08T18:21:31.124Z] Starting scheduler.js (restart #0)
[2026-04-08T18:22:29.599Z] Watchdog online
[2026-04-08T18:22:29.600Z] Starting scheduler.js (restart #0)
[2026-04-08T18:22:29.788Z] scheduler.js exited — code=1 signal=null. Restarting in 5s...
[2026-04-08T18:22:34.796Z] Starting scheduler.js (restart #1)
[2026-04-08T18:22:34.976Z] scheduler.js exited — code=1 signal=null. Restarting in 5s...
[2026-04-08T18:22:39.986Z] Starting scheduler.js (restart #1)
[2026-04-08T18:22:40.213Z] scheduler.js exited — code=1 signal=null. Restarting in 5s...
[2026-04-08T18:22:45.228Z] Starting scheduler.js (restart #2)
[2026-04-08T18:22:45.443Z] scheduler.js exited — code=1 signal=null. Restarting in 5s...
[2026-04-08T18:22:49.907Z] scheduler.js exited — code=1 signal=null. Restarting in 5s...
[2026-04-08T18:22:50.453Z] Starting scheduler.js (restart #2)
[2026-04-08T18:22:54.914Z] Starting scheduler.js (restart #3)
[2026-04-08T18:22:55.112Z] scheduler.js exited — code=1 signal=null. Restarting in 5s...
[2026-04-08T18:23:00.121Z] Starting scheduler.js (restart #3)
[2026-04-08T18:23:00.327Z] scheduler.js exited — code=1 signal=null. Restarting in 5s...
[2026-04-08T18:23:05.333Z] Starting scheduler.js (restart #4)
[2026-04-08T18:23:05.525Z] scheduler.js exited — code=1 signal=null. Restarting in 5s...
[2026-04-08T18:23:10.531Z] Starting scheduler.js (restart #4)
[2026-04-08T18:23:10.699Z] scheduler.js exited — code=1 signal=null. Restarting in 5s...
[2026-04-08T18:23:15.706Z] Starting scheduler.js (restart #5)
[2026-04-08T18:23:15.894Z] scheduler.js exited — code=1 signal=null. Restarting in 5s...
[2026-04-08T18:23:20.895Z] Starting scheduler.js (restart #5)
[2026-04-08T18:23:21.085Z] scheduler.js exited — code=1 signal=null. Restarting in 5s...
[2026-04-08T18:23:26.099Z] Starting scheduler.js (restart #6)
[2026-04-08T18:23:26.316Z] scheduler.js exited — code=1 signal=null. Restarting in 5s...
[2026-04-08T18:23:31.326Z] Starting scheduler.js (restart #6)
[2026-04-08T18:23:42.988Z] Watchdog online
[2026-04-08T18:23:42.989Z] Starting scheduler.js (restart #0)
[2026-04-08T18:25:35.026Z] Watchdog online
[2026-04-08T18:25:35.028Z] Starting dashboard.js (restart #0)
[2026-04-08T18:25:35.033Z] Starting scheduler.js (restart #0)
[2026-04-08T18:25:35.086Z] dashboard.js exited — code=1 signal=null. Restarting in 5s...
[2026-04-08T18:25:40.095Z] Starting dashboard.js (restart #1)
[2026-04-08T18:25:40.164Z] dashboard.js exited — code=1 signal=null. Restarting in 5s...
[2026-04-08T18:25:45.176Z] Starting dashboard.js (restart #2)
[2026-04-08T18:25:45.250Z] dashboard.js exited — code=1 signal=null. Restarting in 5s...
[2026-04-08T18:25:50.252Z] Starting dashboard.js (restart #3)
[2026-04-08T18:25:50.320Z] dashboard.js exited — code=1 signal=null. Restarting in 5s...
[2026-04-08T18:25:55.334Z] Starting dashboard.js (restart #4)
[2026-04-08T18:25:55.404Z] dashboard.js exited — code=1 signal=null. Restarting in 5s...
[2026-04-08T18:26:00.412Z] Starting dashboard.js (restart #5)
[2026-04-08T18:26:00.488Z] dashboard.js exited — code=1 signal=null. Restarting in 5s...
[2026-04-08T18:26:05.489Z] Starting dashboard.js (restart #6)
[2026-04-08T18:26:05.575Z] dashboard.js exited — code=1 signal=null. Restarting in 5s...
[2026-04-08T18:26:10.583Z] Starting dashboard.js (restart #7)
[2026-04-08T18:26:10.650Z] dashboard.js exited — code=1 signal=null. Restarting in 5s...
[2026-04-08T18:26:15.662Z] Starting dashboard.js (restart #8)
[2026-04-08T18:26:15.713Z] dashboard.js exited — code=1 signal=null. Restarting in 5s...
[2026-04-08T18:26:20.723Z] Starting dashboard.js (restart #9)
[2026-04-08T18:26:20.777Z] dashboard.js exited — code=1 signal=null. Restarting in 5s...
[2026-04-08T18:26:25.789Z] Starting dashboard.js (restart #10)
[2026-04-08T18:26:25.858Z] dashboard.js exited — code=1 signal=null. Restarting in 5s...
[2026-04-08T18:26:30.872Z] Starting dashboard.js (restart #11)
[2026-04-08T18:26:30.937Z] dashboard.js exited — code=1 signal=null. Restarting in 5s...
[2026-04-08T18:26:35.938Z] Starting dashboard.js (restart #12)
[2026-04-08T18:26:35.999Z] dashboard.js exited — code=1 signal=null. Restarting in 5s...
[2026-04-08T18:26:41.014Z] Starting dashboard.js (restart #13)
[2026-04-08T18:26:41.094Z] dashboard.js exited — code=1 signal=null. Restarting in 5s...
[2026-04-08T18:26:46.108Z] Starting dashboard.js (restart #14)
[2026-04-08T18:26:46.161Z] dashboard.js exited — code=1 signal=null. Restarting in 5s...
[2026-04-08T18:26:51.174Z] Starting dashboard.js (restart #15)
[2026-04-08T18:26:51.244Z] dashboard.js exited — code=1 signal=null. Restarting in 5s...
[2026-04-08T18:26:56.251Z] Starting dashboard.js (restart #16)
[2026-04-08T18:26:56.324Z] dashboard.js exited — code=1 signal=null. Restarting in 5s...
[2026-04-08T18:27:01.334Z] Starting dashboard.js (restart #17)
[2026-04-08T18:27:01.410Z] dashboard.js exited — code=1 signal=null. Restarting in 5s...
[2026-04-08T18:27:06.424Z] Starting dashboard.js (restart #18)
[2026-04-08T18:27:06.492Z] dashboard.js exited — code=1 signal=null. Restarting in 5s...
[2026-04-08T18:27:11.504Z] Starting dashboard.js (restart #19)
[2026-04-08T18:27:11.574Z] dashboard.js exited — code=1 signal=null. Restarting in 5s...
[2026-04-08T18:27:16.578Z] Starting dashboard.js (restart #20)
[2026-04-08T18:27:16.638Z] dashboard.js exited — code=1 signal=null. Restarting in 5s...
[2026-04-08T18:27:21.651Z] Starting dashboard.js (restart #21)
[2026-04-08T18:27:21.725Z] dashboard.js exited — code=1 signal=null. Restarting in 5s...
[2026-04-08T18:27:26.739Z] Starting dashboard.js (restart #22)
[2026-04-08T18:27:26.812Z] dashboard.js exited — code=1 signal=null. Restarting in 5s...
[2026-04-08T18:27:31.815Z] Starting dashboard.js (restart #23)
[2026-04-08T18:27:31.887Z] dashboard.js exited — code=1 signal=null. Restarting in 5s...
[2026-04-08T18:27:36.900Z] Starting dashboard.js (restart #24)
[2026-04-08T18:27:36.970Z] dashboard.js exited — code=1 signal=null. Restarting in 5s...
[2026-04-08T18:27:41.973Z] Starting dashboard.js (restart #25)
[2026-04-08T18:27:42.075Z] dashboard.js exited — code=1 signal=null. Restarting in 5s...
[2026-04-08T18:27:47.089Z] Starting dashboard.js (restart #26)
[2026-04-08T18:27:47.189Z] dashboard.js exited — code=1 signal=null. Restarting in 5s...
[2026-04-08T18:27:52.206Z] Starting dashboard.js (restart #27)
[2026-04-08T18:27:52.301Z] dashboard.js exited — code=1 signal=null. Restarting in 5s...
[2026-04-08T18:27:57.308Z] Starting dashboard.js (restart #28)
[2026-04-08T18:27:57.439Z] dashboard.js exited — code=1 signal=null. Restarting in 5s...
[2026-04-08T18:28:02.444Z] Starting dashboard.js (restart #29)
[2026-04-08T18:28:02.547Z] dashboard.js exited — code=1 signal=null. Restarting in 5s...
[2026-04-08T18:28:07.551Z] Starting dashboard.js (restart #30)
[2026-04-08T18:28:07.662Z] dashboard.js exited — code=1 signal=null. Restarting in 5s...
[2026-04-08T18:28:12.669Z] Starting dashboard.js (restart #31)
[2026-04-08T18:28:12.744Z] dashboard.js exited — code=1 signal=null. Restarting in 5s...
[2026-04-08T18:28:17.752Z] Starting dashboard.js (restart #32)
[2026-04-08T18:28:17.821Z] dashboard.js exited — code=1 signal=null. Restarting in 5s...
[2026-04-08T18:28:22.832Z] Starting dashboard.js (restart #33)
[2026-04-08T18:28:22.885Z] dashboard.js exited — code=1 signal=null. Restarting in 5s...
[2026-04-08T18:28:27.888Z] Starting dashboard.js (restart #34)
[2026-04-08T18:28:27.966Z] dashboard.js exited — code=1 signal=null. Restarting in 5s...
[2026-04-08T18:28:32.975Z] Starting dashboard.js (restart #35)
[2026-04-08T18:28:33.047Z] dashboard.js exited — code=1 signal=null. Restarting in 5s...
[2026-04-08T18:28:38.050Z] Starting dashboard.js (restart #36)
[2026-04-08T18:28:38.166Z] dashboard.js exited — code=1 signal=null. Restarting in 5s...
[2026-04-08T18:28:43.176Z] Starting dashboard.js (restart #37)
[2026-04-08T18:28:43.239Z] dashboard.js exited — code=1 signal=null. Restarting in 5s...
[2026-04-08T18:28:48.240Z] Starting dashboard.js (restart #38)
[2026-04-08T18:28:48.331Z] dashboard.js exited — code=1 signal=null. Restarting in 5s...
[2026-04-08T18:28:53.339Z] Starting dashboard.js (restart #39)
[2026-04-08T18:28:53.465Z] dashboard.js exited — code=1 signal=null. Restarting in 5s...
[2026-04-08T18:28:58.471Z] Starting dashboard.js (restart #40)
[2026-04-08T18:28:58.599Z] dashboard.js exited — code=1 signal=null. Restarting in 5s...
[2026-04-08T18:29:03.614Z] Starting dashboard.js (restart #41)
[2026-04-08T18:29:03.718Z] dashboard.js exited — code=1 signal=null. Restarting in 5s...
[2026-04-08T18:29:08.732Z] Starting dashboard.js (restart #42)
[2026-04-08T18:29:08.811Z] dashboard.js exited — code=1 signal=null. Restarting in 5s...
[2026-04-08T18:29:13.821Z] Starting dashboard.js (restart #43)
[2026-04-08T18:29:13.884Z] dashboard.js exited — code=1 signal=null. Restarting in 5s...
[2026-04-08T18:29:18.891Z] Starting dashboard.js (restart #44)
[2026-04-08T18:29:18.974Z] dashboard.js exited — code=1 signal=null. Restarting in 5s...
[2026-04-08T18:29:23.990Z] Starting dashboard.js (restart #45)
[2026-04-08T18:29:24.040Z] dashboard.js exited — code=1 signal=null. Restarting in 5s...
[2026-04-08T18:29:29.049Z] Starting dashboard.js (restart #46)
[2026-04-08T18:29:29.135Z] dashboard.js exited — code=1 signal=null. Restarting in 5s...
[2026-04-08T18:29:34.150Z] Starting dashboard.js (restart #47)
[2026-04-08T18:29:34.232Z] dashboard.js exited — code=1 signal=null. Restarting in 5s...
[2026-04-08T18:29:39.247Z] Starting dashboard.js (restart #48)
[2026-04-08T18:29:39.325Z] dashboard.js exited — code=1 signal=null. Restarting in 5s...
[2026-04-08T18:29:44.247Z] Watchdog online
[2026-04-08T18:29:44.249Z] Starting dashboard.js (restart #0)
[2026-04-08T18:29:44.254Z] Starting scheduler.js (restart #0)
[2026-04-08T18:29:44.307Z] dashboard.js exited — code=1 signal=null. Restarting in 5s...
[2026-04-08T18:29:44.330Z] Starting dashboard.js (restart #49)
